<?xml version="1.0" encoding="UTF-8"?>
<testsuite name="agh.ics.oop.Vector2dTest" tests="1" skipped="0" failures="0" errors="0" timestamp="2022-10-24T19:20:36" hostname="MacBook-Air-Antoni-2.local" time="0.008">
  <properties/>
  <testcase name="oppositeTest()" classname="agh.ics.oop.Vector2dTest" time="0.008"/>
  <system-out><![CDATA[]]></system-out>
  <system-err><![CDATA[]]></system-err>
</testsuite>
