<?xml version="1.0" encoding="UTF-8"?>
<testsuite name="agh.ics.oop.GrassFieldTest" tests="3" skipped="0" failures="0" errors="0" timestamp="2022-11-21T22:52:11" hostname="MacBook-Air-Antoni-2.local" time="0.01">
  <properties/>
  <testcase name="upperRightTest()" classname="agh.ics.oop.GrassFieldTest" time="0.009"/>
  <testcase name="canMoveTo()" classname="agh.ics.oop.GrassFieldTest" time="0.001"/>
  <testcase name="lowerLeftTest()" classname="agh.ics.oop.GrassFieldTest" time="0.0"/>
  <system-out><![CDATA[ y\x  2 3 4 5 6 7 8 910
 11: -------------------
 10: | | | | | | | | |^|
  9: | | | | | |*| | | |
  8: | | | | | | | |*| |
  7: | |*| | | | | | | |
  6: | |*| |*|*| | | | |
  5: | | | | | | | | | |
  4: | |^| | | |*| | | |
  3: | | | | | | | | | |
  2: |^| | | | | |*| | |
  1: -------------------

 y\x  2 3 4 5 6 7 8 910
 11: -------------------
 10: | | | | | | | | |^|
  9: | | | | | |*| | | |
  8: | | | | | | | |*| |
  7: | |*| | | | | | | |
  6: | |*| |*|*| | | | |
  5: | | | | | | | | | |
  4: | |^| | | |*| | | |
  3: |^| | | | | | | | |
  2: -------------------

 y\x  2 3 4 5 6 7 8 910
 11: -------------------
 10: | | | | | | | | |^|
  9: | | | | | |*| | | |
  8: | | | | | | | |*| |
  7: | |*| | | | | | | |
  6: | |*| |*|*| | | | |
  5: | | | | | | | | | |
  4: | | | | | |*| | | |
  3: |^|^| | | | | | | |
  2: -------------------

 y\x  2 3 4 5 6 7 8 910
 11: -------------------
 10: | | | | | | | | |>|
  9: | | | | | |*| | | |
  8: | | | | | | | |*| |
  7: | |*| | | | | | | |
  6: | |*| |*|*| | | | |
  5: | | | | | | | | | |
  4: | | | | | |*| | | |
  3: |^|^| | | | | | | |
  2: -------------------

 y\x  2 3 4 5 6 7 8 910
 11: -------------------
 10: | | | | | | | | |>|
  9: | | | | | |*| | | |
  8: | | | | | | | |*| |
  7: | |*| | | | | | | |
  6: | |*| |*|*| | | | |
  5: | | | | | | | | | |
  4: | | | | | |*| | | |
  3: |>|^| | | | | | | |
  2: -------------------

 y\x  2 3 4 5 6 7 8 910
 11: -------------------
 10: | | | | | | | | |>|
  9: | | | | | |*| | | |
  8: | | | | | | | |*| |
  7: | |*| | | | | | | |
  6: | |*| |*|*| | | | |
  5: | | | | | | | | | |
  4: | | | | | |*| | | |
  3: |>|<| | | | | | | |
  2: -------------------

 y\x  2 3 4 5 6 7 8 910
 11: -------------------
 10: | | | | | | | | |v|
  9: | | | | | |*| | | |
  8: | | | | | | | |*| |
  7: | |*| | | | | | | |
  6: | |*| |*|*| | | | |
  5: | | | | | | | | | |
  4: | | | | | |*| | | |
  3: |>|<| | | | | | | |
  2: -------------------

 y\x  2 3 4 5 6 7 8 910
 11: -------------------
 10: | | | | | | | | |v|
  9: | | | | | |*| | | |
  8: | | | | | | | |*| |
  7: | |*| | | | | | | |
  6: | |*| |*|*| | | | |
  5: | | | | | | | | | |
  4: | | | | | |*| | | |
  3: |>|<| | | | | | | |
  2: -------------------

 y\x  2 3 4 5 6 7 8 910
 11: -------------------
 10: | | | | | | | | |v|
  9: | | | | | |*| | | |
  8: | | | | | | | |*| |
  7: | |*| | | | | | | |
  6: | |*| |*|*| | | | |
  5: | | | | | | | | | |
  4: | | | | | |*| | | |
  3: |>|<| | | | | | | |
  2: -------------------

 y\x  2 3 4 5 6 7 8 910
 11: -------------------
 10: | | | | | | | | |<|
  9: | | | | | |*| | | |
  8: | | | | | | | |*| |
  7: | |*| | | | | | | |
  6: | |*| |*|*| | | | |
  5: | | | | | | | | | |
  4: | | | | | |*| | | |
  3: |>|<| | | | | | | |
  2: -------------------

 y\x  2 3 4 5 6 7 8 910
 11: -------------------
 10: | | | | | | | | |<|
  9: | | | | | |*| | | |
  8: | | | | | | | |*| |
  7: | |*| | | | | | | |
  6: | |*| |*|*| | | | |
  5: | | | | | | | | | |
  4: | | | | | |*| | | |
  3: |v|<| | | | | | | |
  2: -------------------

 y\x  2 3 4 5 6 7 8 910
 11: -------------------
 10: | | | | | | | | |<|
  9: | | | | | |*| | | |
  8: | | | | | | | |*| |
  7: | |*| | | | | | | |
  6: | |*| |*|*| | | | |
  5: | | | | | | | | | |
  4: | | | | | |*| | | |
  3: |v|^| | | | | | | |
  2: -------------------

 y\x  2 3 4 5 6 7 8 910
 11: -------------------
 10: | | | | | | | | |^|
  9: | | | | | |*| | | |
  8: | | | | | | | |*| |
  7: | |*| | | | | | | |
  6: | |*| |*|*| | | | |
  5: | | | | | | | | | |
  4: | | | | | |*| | | |
  3: |v|^| | | | | | | |
  2: -------------------

 y\x  2 3 4 5 6 7 8 910
 11: -------------------
 10: | | | | | | | | |^|
  9: | | | | | |*| | | |
  8: | | | | | | | |*| |
  7: | |*| | | | | | | |
  6: | |*| |*|*| | | | |
  5: | | | | | | | | | |
  4: | | | | | |*| | | |
  3: | |^| | | | | | | |
  2: |v| | | | | |*| | |
  1: -------------------

 y\x  2 3 4 5 6 7 8 910
 11: -------------------
 10: | | | | | | | | |^|
  9: | | | | | |*| | | |
  8: | | | | | | | |*| |
  7: | |*| | | | | | | |
  6: | |*| |*|*| | | | |
  5: | | | | | | | | | |
  4: | |^| | | |*| | | |
  3: | | | | | | | | | |
  2: |v| | | | | |*| | |
  1: -------------------

 y\x  2 3 4 5 6 7 8 910
 11: -------------------
 10: | | | | | | | | |>|
  9: | | | | | |*| | | |
  8: | | | | | | | |*| |
  7: | |*| | | | | | | |
  6: | |*| |*|*| | | | |
  5: | | | | | | | | | |
  4: | |^| | | |*| | | |
  3: | | | | | | | | | |
  2: |v| | | | | |*| | |
  1: -------------------

 y\x  2 3 4 5 6 7 8 910
 11: -------------------
 10: | | | | | | | | |>|
  9: | | | | | |*| | | |
  8: | | | | | | | |*| |
  7: | |*| | | | | | | |
  6: | |*| |*|*| | | | |
  5: | | | | | | | | | |
  4: | |^| | | |*| | | |
  3: | | | | | | | | | |
  2: | | | | | | |*| | |
  1: |v| | | | | | | | |
  0: -------------------

 y\x  2 3 4 5 6 7 8 910
 11: -------------------
 10: | | | | | | | | |>|
  9: | | | | | |*| | | |
  8: | | | | | | | |*| |
  7: | |*| | | | | | | |
  6: | |*| |*|*| | | | |
  5: | |^| | | | | | | |
  4: | | | | | |*| | | |
  3: | | | | | | | | | |
  2: | | | | | | |*| | |
  1: |v| | | | | | | | |
  0: -------------------

 y\x  2 3 4 5 6 7 8 910
 11: -------------------
 10: | | | | | | | | |v|
  9: | | | | | |*| | | |
  8: | | | | | | | |*| |
  7: | |*| | | | | | | |
  6: | |*| |*|*| | | | |
  5: | |^| | | | | | | |
  4: | | | | | |*| | | |
  3: | | | | | | | | | |
  2: | | | | | | |*| | |
  1: |v| | | | | | | | |
  0: -------------------

 y\x  2 3 4 5 6 7 8 910
 11: -------------------
 10: | | | | | | | | |v|
  9: | | | | | |*| | | |
  8: | | | | | | | |*| |
  7: | |*| | | | | | | |
  6: | |*| |*|*| | | | |
  5: | |^| | | | | | | |
  4: | | | | | |*| | | |
  3: | | | | | | | | | |
  2: | | | | | | |*| | |
  1: | | | | | | | | | |
  0: |v| | | | | | | | |
 -1: -------------------

 y\x  2 3 4 5 6 7 8 910
 11: -------------------
 10: | | | | | | | | |v|
  9: | | | | | |*| | | |
  8: | | | | | | | |*| |
  7: | |*| | | | | | | |
  6: | |^| |*|*| | | | |
  5: | | | | | | | | | |
  4: | | | | | |*| | | |
  3: | | | | | | | | | |
  2: | | | | | | |*| | |
  1: | | | | | | | | | |
  0: |v| | | |*| | | | |
 -1: -------------------

 y\x  2 3 4 5 6 7 8 910
 11: -------------------
 10: | | | | | | | | |<|
  9: | | | | | |*| | | |
  8: | | | | | | | |*| |
  7: | |*| | | | | | | |
  6: | |^| |*|*| | | | |
  5: | | | | | | | | | |
  4: | | | | | |*| | | |
  3: | | | | | | | | | |
  2: | | | | | | |*| | |
  1: | | | | | | | | | |
  0: |v| | | |*| | | | |
 -1: -------------------

 y\x  2 3 4 5 6 7 8 910
 11: -------------------
 10: | | | | | | | | |<|
  9: | | | | | |*| | | |
  8: | | | | | | | |*| |
  7: | |*| | | | | | | |
  6: | |^| |*|*| | | | |
  5: | | | | | | | | | |
  4: | | | | | |*| | | |
  3: | | | | | | | | | |
  2: | | | | | | |*| | |
  1: | | | | | | | | | |
  0: | | | | |*| | | | |
 -1: |v| | | | | | | | |
 -2: -------------------

 y\x  2 3 4 5 6 7 8 910
 11: -------------------
 10: | | | | | | | | |<|
  9: | | | | | |*| | | |
  8: | | | | | | | |*| |
  7: | |^| | | | | | | |
  6: | | | |*|*| | | | |
  5: | | | | | | | | | |
  4: | | | | | |*| | | |
  3: | | | | | | | | | |
  2: | | | | | | |*| | |
  1: | | | |*| | | | | |
  0: | | | | |*| | | | |
 -1: |v| | | | | | | | |
 -2: -------------------

 y\x  2 3 4 5 6 7 8 910
 11: -------------------
 10: | | | | | | | | |^|
  9: | | | | | |*| | | |
  8: | | | | | | | |*| |
  7: | |^| | | | | | | |
  6: | | | |*|*| | | | |
  5: | | | | | | | | | |
  4: | | | | | |*| | | |
  3: | | | | | | | | | |
  2: | | | | | | |*| | |
  1: | | | |*| | | | | |
  0: | | | | |*| | | | |
 -1: |v| | | | | | | | |
 -2: -------------------

]]></system-out>
  <system-err><![CDATA[]]></system-err>
</testsuite>
