<?xml version="1.0" encoding="UTF-8"?>
<testsuite name="agh.ics.oop.RectangularMapTest" tests="4" skipped="0" failures="0" errors="0" timestamp="2022-11-28T18:33:32" hostname="MacBook-Air-Antoni-2.local" time="0.006">
  <properties/>
  <testcase name="ObjectAtTest()" classname="agh.ics.oop.RectangularMapTest" time="0.004"/>
  <testcase name="isOccupiedTest()" classname="agh.ics.oop.RectangularMapTest" time="0.0"/>
  <testcase name="canMoveToTest()" classname="agh.ics.oop.RectangularMapTest" time="0.001"/>
  <testcase name="placeTest()" classname="agh.ics.oop.RectangularMapTest" time="0.0"/>
  <system-out><![CDATA[ y\x  0 1 2 3 4 5 6 7 8 9
  5: ---------------------
  4: | | | |^| | | | | | |
  3: | | | | | | | | | | |
  2: | | |^| | | | | | | |
  1: | | | | | | | | | | |
  0: |^| | | | | | | | | |
 -1: ---------------------

 y\x  0 1 2 3 4 5 6 7 8 9
  5: ---------------------
  4: | | | |^| | | | | | |
  3: | | | | | | | | | | |
  2: | | |^| | | | | | | |
  1: |^| | | | | | | | | |
  0: | | | | | | | | | | |
 -1: ---------------------

 y\x  0 1 2 3 4 5 6 7 8 9
  5: ---------------------
  4: | | | |^| | | | | | |
  3: | | | | | | | | | | |
  2: | | | | | | | | | | |
  1: |^| |^| | | | | | | |
  0: | | | | | | | | | | |
 -1: ---------------------

 y\x  0 1 2 3 4 5 6 7 8 9
  5: ---------------------
  4: | | | |>| | | | | | |
  3: | | | | | | | | | | |
  2: | | | | | | | | | | |
  1: |^| |^| | | | | | | |
  0: | | | | | | | | | | |
 -1: ---------------------

 y\x  0 1 2 3 4 5 6 7 8 9
  5: ---------------------
  4: | | | |>| | | | | | |
  3: | | | | | | | | | | |
  2: | | | | | | | | | | |
  1: |<| |^| | | | | | | |
  0: | | | | | | | | | | |
 -1: ---------------------

 y\x  0 1 2 3 4 5 6 7 8 9
  5: ---------------------
  4: | | | |>| | | | | | |
  3: | | | | | | | | | | |
  2: | | |^| | | | | | | |
  1: |<| | | | | | | | | |
  0: | | | | | | | | | | |
 -1: ---------------------

 y\x  0 1 2 3 4 5 6 7 8 9
  5: ---------------------
  4: | | | | |>| | | | | |
  3: | | | | | | | | | | |
  2: | | |^| | | | | | | |
  1: |<| | | | | | | | | |
  0: | | | | | | | | | | |
 -1: ---------------------

 y\x  0 1 2 3 4 5 6 7 8 9
  5: ---------------------
  4: | | | | |>| | | | | |
  3: | | | | | | | | | | |
  2: | | |^| | | | | | | |
  1: |^| | | | | | | | | |
  0: | | | | | | | | | | |
 -1: ---------------------

 y\x  0 1 2 3 4 5 6 7 8 9
  5: ---------------------
  4: | | | | |>| | | | | |
  3: | | | | | | | | | | |
  2: | | |>| | | | | | | |
  1: |^| | | | | | | | | |
  0: | | | | | | | | | | |
 -1: ---------------------

 y\x  0 1 2 3 4 5 6 7 8 9
  5: ---------------------
  4: | | | | | |>| | | | |
  3: | | | | | | | | | | |
  2: | | |>| | | | | | | |
  1: |^| | | | | | | | | |
  0: | | | | | | | | | | |
 -1: ---------------------

 y\x  0 1 2 3 4 5 6 7 8 9
  5: ---------------------
  4: | | | | | |>| | | | |
  3: | | | | | | | | | | |
  2: |^| |>| | | | | | | |
  1: | | | | | | | | | | |
  0: | | | | | | | | | | |
 -1: ---------------------

 y\x  0 1 2 3 4 5 6 7 8 9
  5: ---------------------
  4: | | | | | |>| | | | |
  3: | | | | | | | | | | |
  2: |^| | |>| | | | | | |
  1: | | | | | | | | | | |
  0: | | | | | | | | | | |
 -1: ---------------------

 y\x  0 1 2 3 4 5 6 7 8 9
  5: ---------------------
  4: | | | | | | |>| | | |
  3: | | | | | | | | | | |
  2: |^| | |>| | | | | | |
  1: | | | | | | | | | | |
  0: | | | | | | | | | | |
 -1: ---------------------

 y\x  0 1 2 3 4 5 6 7 8 9
  5: ---------------------
  4: | | | | | | |>| | | |
  3: |^| | | | | | | | | |
  2: | | | |>| | | | | | |
  1: | | | | | | | | | | |
  0: | | | | | | | | | | |
 -1: ---------------------

 y\x  0 1 2 3 4 5 6 7 8 9
  5: ---------------------
  4: | | | | | | |>| | | |
  3: |^| | | | | | | | | |
  2: | | | | |>| | | | | |
  1: | | | | | | | | | | |
  0: | | | | | | | | | | |
 -1: ---------------------

 y\x  0 1 2 3 4 5 6 7 8 9
  5: ---------------------
  4: | | | | | | | |>| | |
  3: |^| | | | | | | | | |
  2: | | | | |>| | | | | |
  1: | | | | | | | | | | |
  0: | | | | | | | | | | |
 -1: ---------------------

 y\x  0 1 2 3 4 5 6 7 8 9
  5: ---------------------
  4: |^| | | | | | |>| | |
  3: | | | | | | | | | | |
  2: | | | | |>| | | | | |
  1: | | | | | | | | | | |
  0: | | | | | | | | | | |
 -1: ---------------------

 y\x  0 1 2 3 4 5 6 7 8 9
  5: ---------------------
  4: |^| | | | | | |>| | |
  3: | | | | | | | | | | |
  2: | | | |>| | | | | | |
  1: | | | | | | | | | | |
  0: | | | | | | | | | | |
 -1: ---------------------

 y\x  0 1 2 3 4 5 6 7 8 9
  5: ---------------------
  4: |^| | | | | |>| | | |
  3: | | | | | | | | | | |
  2: | | | |>| | | | | | |
  1: | | | | | | | | | | |
  0: | | | | | | | | | | |
 -1: ---------------------

class agh.ics.oop.Animal
class agh.ics.oop.Animal
class agh.ics.oop.Animal
]]></system-out>
  <system-err><![CDATA[]]></system-err>
</testsuite>
