<?xml version="1.0" encoding="UTF-8"?>
<testsuite name="agh.ics.oop.OptionParserTest" tests="2" skipped="0" failures="0" errors="0" timestamp="2022-12-05T19:56:45" hostname="MacBook-Air-Antoni-2.local" time="0.013">
  <properties/>
  <testcase name="parseTest()" classname="agh.ics.oop.OptionParserTest" time="0.01"/>
  <testcase name="exceptionTest()" classname="agh.ics.oop.OptionParserTest" time="0.002"/>
  <system-out><![CDATA[]]></system-out>
  <system-err><![CDATA[]]></system-err>
</testsuite>
