<?xml version="1.0" encoding="UTF-8"?>
<testsuite name="agh.ics.oop.GrassFieldTest" tests="2" skipped="0" failures="0" errors="0" timestamp="2022-11-22T12:24:51" hostname="MacBook-Air-Antoni-2.local" time="0.008">
  <properties/>
  <testcase name="ObjectAtTest()" classname="agh.ics.oop.GrassFieldTest" time="0.007"/>
  <testcase name="canMoveTo()" classname="agh.ics.oop.GrassFieldTest" time="0.001"/>
  <system-out><![CDATA[ y\x  0 1 2 3 4 5 6 7 8 910
 11: -----------------------
 10: | | | | | | | | | | |^|
  9: | | | | | |*| |*| | | |
  8: | |*| | | |*| | | | | |
  7: | | | | | | | | | | | |
  6: | |*| | | | | |*| | | |
  5: |*| | | | | | | | | | |
  4: | | |*|^|*| | | | | | |
  3: | | | | | | | | | | | |
  2: |*|*|^| | | | | | | | |
  1: -----------------------

 y\x  0 1 2 3 4 5 6 7 8 910
 11: -----------------------
 10: | | | | | | | | | | |^|
  9: | | | | | |*| |*| | | |
  8: | |*| | | |*| | | | | |
  7: | | | | | | | | | | | |
  6: | |*| | | | | |*| | | |
  5: |*| | | | | | | | | | |
  4: | | |*|^|*| | | | | | |
  3: | | |^| | | | | | | | |
  2: |*|*| | | | | | | | | |
  1: -----------------------

 y\x  0 1 2 3 4 5 6 7 8 910
 11: -----------------------
 10: | | | | | | | | | | |^|
  9: | | | | | |*| |*| | | |
  8: | |*| | | |*| | | | | |
  7: | | | | | | | | | | | |
  6: | |*| | | | | |*| | | |
  5: |*| | | | | | | | | | |
  4: | | |*| |*| | | | | | |
  3: | | |^|^| | | | | | | |
  2: |*|*| | | | | | | | | |
  1: -----------------------

 y\x  0 1 2 3 4 5 6 7 8 910
 11: -----------------------
 10: | | | | | | | | | | |>|
  9: | | | | | |*| |*| | | |
  8: | |*| | | |*| | | | | |
  7: | | | | | | | | | | | |
  6: | |*| | | | | |*| | | |
  5: |*| | | | | | | | | | |
  4: | | |*| |*| | | | | | |
  3: | | |^|^| | | | | | | |
  2: |*|*| | | | | | | | | |
  1: -----------------------

 y\x  0 1 2 3 4 5 6 7 8 910
 11: -----------------------
 10: | | | | | | | | | | |>|
  9: | | | | | |*| |*| | | |
  8: | |*| | | |*| | | | | |
  7: | | | | | | | | | | | |
  6: | |*| | | | | |*| | | |
  5: |*| | | | | | | | | | |
  4: | | |*| |*| | | | | | |
  3: | | |>|^| | | | | | | |
  2: |*|*| | | | | | | | | |
  1: -----------------------

 y\x  0 1 2 3 4 5 6 7 8 910
 11: -----------------------
 10: | | | | | | | | | | |>|
  9: | | | | | |*| |*| | | |
  8: | |*| | | |*| | | | | |
  7: | | | | | | | | | | | |
  6: | |*| | | | | |*| | | |
  5: |*| | | | | | | | | | |
  4: | | |*| |*| | | | | | |
  3: | | |>|<| | | | | | | |
  2: |*|*| | | | | | | | | |
  1: -----------------------

 y\x  0 1 2 3 4 5 6 7 8 910
 11: -----------------------
 10: | | | | | | | | | | |v|
  9: | | | | | |*| |*| | | |
  8: | |*| | | |*| | | | | |
  7: | | | | | | | | | | | |
  6: | |*| | | | | |*| | | |
  5: |*| | | | | | | | | | |
  4: | | |*| |*| | | | | | |
  3: | | |>|<| | | | | | | |
  2: |*|*| | | | | | | | | |
  1: -----------------------

 y\x  0 1 2 3 4 5 6 7 8 910
 11: -----------------------
 10: | | | | | | | | | | |v|
  9: | | | | | |*| |*| | | |
  8: | |*| | | |*| | | | | |
  7: | | | | | | | | | | | |
  6: | |*| | | | | |*| | | |
  5: |*| | | | | | | | | | |
  4: | | |*| |*| | | | | | |
  3: | | |>|<| | | | | | | |
  2: |*|*| | | | | | | | | |
  1: -----------------------

 y\x  0 1 2 3 4 5 6 7 8 910
 11: -----------------------
 10: | | | | | | | | | | |v|
  9: | | | | | |*| |*| | | |
  8: | |*| | | |*| | | | | |
  7: | | | | | | | | | | | |
  6: | |*| | | | | |*| | | |
  5: |*| | | | | | | | | | |
  4: | | |*| |*| | | | | | |
  3: | | |>|<| | | | | | | |
  2: |*|*| | | | | | | | | |
  1: -----------------------

 y\x  0 1 2 3 4 5 6 7 8 910
 11: -----------------------
 10: | | | | | | | | | | |<|
  9: | | | | | |*| |*| | | |
  8: | |*| | | |*| | | | | |
  7: | | | | | | | | | | | |
  6: | |*| | | | | |*| | | |
  5: |*| | | | | | | | | | |
  4: | | |*| |*| | | | | | |
  3: | | |>|<| | | | | | | |
  2: |*|*| | | | | | | | | |
  1: -----------------------

 y\x  0 1 2 3 4 5 6 7 8 910
 11: -----------------------
 10: | | | | | | | | | | |<|
  9: | | | | | |*| |*| | | |
  8: | |*| | | |*| | | | | |
  7: | | | | | | | | | | | |
  6: | |*| | | | | |*| | | |
  5: |*| | | | | | | | | | |
  4: | | |*| |*| | | | | | |
  3: | | |v|<| | | | | | | |
  2: |*|*| | | | | | | | | |
  1: -----------------------

 y\x  0 1 2 3 4 5 6 7 8 910
 11: -----------------------
 10: | | | | | | | | | | |<|
  9: | | | | | |*| |*| | | |
  8: | |*| | | |*| | | | | |
  7: | | | | | | | | | | | |
  6: | |*| | | | | |*| | | |
  5: |*| | | | | | | | | | |
  4: | | |*| |*| | | | | | |
  3: | | |v|^| | | | | | | |
  2: |*|*| | | | | | | | | |
  1: -----------------------

 y\x  0 1 2 3 4 5 6 7 8 910
 11: -----------------------
 10: | | | | | | | | | | |^|
  9: | | | | | |*| |*| | | |
  8: | |*| | | |*| | | | | |
  7: | | | | | | | | | | | |
  6: | |*| | | | | |*| | | |
  5: |*| | | | | | | | | | |
  4: | | |*| |*| | | | | | |
  3: | | |v|^| | | | | | | |
  2: |*|*| | | | | | | | | |
  1: -----------------------

 y\x  0 1 2 3 4 5 6 7 8 910
 11: -----------------------
 10: | | | | | | | | | | |^|
  9: | | | | | |*| |*| | | |
  8: | |*| | | |*| | | | | |
  7: | | | | | | | | | | | |
  6: | |*| | | | | |*| | | |
  5: |*| | | | | | | | | | |
  4: | | |*| |*| | | | | | |
  3: | | | |^| | | | | | | |
  2: |*|*|v| | | | | | | | |
  1: -----------------------

 y\x  0 1 2 3 4 5 6 7 8 910
 11: -----------------------
 10: | | | | | | | | | | |^|
  9: | | | | | |*| |*| | | |
  8: | |*| | | |*| | | | | |
  7: | | | | | | | | | | | |
  6: | |*| | | | | |*| | | |
  5: |*| | | | | | | | | | |
  4: | | |*|^|*| | | | | | |
  3: | | | | | | | | | | | |
  2: |*|*|v| | | | | | | | |
  1: -----------------------

 y\x  0 1 2 3 4 5 6 7 8 910
 11: -----------------------
 10: | | | | | | | | | | |>|
  9: | | | | | |*| |*| | | |
  8: | |*| | | |*| | | | | |
  7: | | | | | | | | | | | |
  6: | |*| | | | | |*| | | |
  5: |*| | | | | | | | | | |
  4: | | |*|^|*| | | | | | |
  3: | | | | | | | | | | | |
  2: |*|*|v| | | | | | | | |
  1: -----------------------

 y\x  0 1 2 3 4 5 6 7 8 910
 11: -----------------------
 10: | | | | | | | | | | |>|
  9: | | | | | |*| |*| | | |
  8: | |*| | | |*| | | | | |
  7: | | | | | | | | | | | |
  6: | |*| | | | | |*| | | |
  5: |*| | | | | | | | | | |
  4: | | |*|^|*| | | | | | |
  3: | | | | | | | | | | | |
  2: |*|*| | | | | | | | | |
  1: | | |v| | | | | | | | |
  0: -----------------------

 y\x  0 1 2 3 4 5 6 7 8 910
 11: -----------------------
 10: | | | | | | | | | | |>|
  9: | | | | | |*| |*| | | |
  8: | |*| | | |*| | | | | |
  7: | | | | | | | | | | | |
  6: | |*| | | | | |*| | | |
  5: |*| | |^| | | | | | | |
  4: | | |*| |*| | | | | | |
  3: | | | | | | | | | | | |
  2: |*|*| | | | | | | | | |
  1: | | |v| | | | | | | | |
  0: -----------------------

 y\x  0 1 2 3 4 5 6 7 8 910
 11: -----------------------
 10: | | | | | | | | | | |v|
  9: | | | | | |*| |*| | | |
  8: | |*| | | |*| | | | | |
  7: | | | | | | | | | | | |
  6: | |*| | | | | |*| | | |
  5: |*| | |^| | | | | | | |
  4: | | |*| |*| | | | | | |
  3: | | | | | | | | | | | |
  2: |*|*| | | | | | | | | |
  1: | | |v| | | | | | | | |
  0: -----------------------

 y\x  0 1 2 3 4 5 6 7 8 910
 11: -----------------------
 10: | | | | | | | | | | |v|
  9: | | | | | |*| |*| | | |
  8: | |*| | | |*| | | | | |
  7: | | | | | | | | | | | |
  6: | |*| | | | | |*| | | |
  5: |*| | |^| | | | | | | |
  4: | | |*| |*| | | | | | |
  3: | | | | | | | | | | | |
  2: |*|*| | | | | | | | | |
  1: | | | | | | | | | | | |
  0: | | |v| | | | | | | | |
 -1: -----------------------

 y\x  0 1 2 3 4 5 6 7 8 910
 11: -----------------------
 10: | | | | | | | | | | |v|
  9: | | | | | |*| |*| | | |
  8: | |*| | | |*| | | | | |
  7: | | | | | | | | | | | |
  6: | |*| |^| | | |*| | | |
  5: |*| | | | | | | | | | |
  4: | | |*| |*| | | | | | |
  3: | | | | | | | | | | | |
  2: |*|*| | | | | | | | | |
  1: | | | | | | | | | | | |
  0: | | |v| | | | | | | | |
 -1: -----------------------

 y\x  0 1 2 3 4 5 6 7 8 910
 11: -----------------------
 10: | | | | | | | | | | |<|
  9: | | | | | |*| |*| | | |
  8: | |*| | | |*| | | | | |
  7: | | | | | | | | | | | |
  6: | |*| |^| | | |*| | | |
  5: |*| | | | | | | | | | |
  4: | | |*| |*| | | | | | |
  3: | | | | | | | | | | | |
  2: |*|*| | | | | | | | | |
  1: | | | | | | | | | | | |
  0: | | |v| | | | | | | | |
 -1: -----------------------

 y\x  0 1 2 3 4 5 6 7 8 910
 11: -----------------------
 10: | | | | | | | | | | |<|
  9: | | | | | |*| |*| | | |
  8: | |*| | | |*| | | | | |
  7: | | | | | | | | | | | |
  6: | |*| |^| | | |*| | | |
  5: |*| | | | | | | | | | |
  4: | | |*| |*| | | | | | |
  3: | | | | | | | | | | | |
  2: |*|*| | | | | | | | | |
  1: | | | | | | | | | | | |
  0: | | | | | | | | | | | |
 -1: | | |v| | | | | | | | |
 -2: -----------------------

 y\x  0 1 2 3 4 5 6 7 8 910
 11: -----------------------
 10: | | | | | | | | | | |<|
  9: | | | | | |*| |*| | | |
  8: | |*| | | |*| | | | | |
  7: | | | |^| | | | | | | |
  6: | |*| | | | | |*| | | |
  5: |*| | | | | | | | | | |
  4: | | |*| |*| | | | | | |
  3: | | | | | | | | | | | |
  2: |*|*| | | | | | | | | |
  1: | | | | | | | | | | | |
  0: | | | | | | | | | | | |
 -1: | | |v| | | | | | | | |
 -2: -----------------------

 y\x  0 1 2 3 4 5 6 7 8 910
 11: -----------------------
 10: | | | | | | | | | | |^|
  9: | | | | | |*| |*| | | |
  8: | |*| | | |*| | | | | |
  7: | | | |^| | | | | | | |
  6: | |*| | | | | |*| | | |
  5: |*| | | | | | | | | | |
  4: | | |*| |*| | | | | | |
  3: | | | | | | | | | | | |
  2: |*|*| | | | | | | | | |
  1: | | | | | | | | | | | |
  0: | | | | | | | | | | | |
 -1: | | |v| | | | | | | | |
 -2: -----------------------

class agh.ics.oop.Animal
class agh.ics.oop.Animal
class agh.ics.oop.Animal
]]></system-out>
  <system-err><![CDATA[]]></system-err>
</testsuite>
