<?xml version="1.0" encoding="UTF-8"?>
<testsuite name="agh.ics.oop.OptionParserTest" tests="1" skipped="0" failures="0" errors="0" timestamp="2022-11-08T12:19:28" hostname="MacBook-Air-Antoni-2.local" time="0.01">
  <properties/>
  <testcase name="parseTest()" classname="agh.ics.oop.OptionParserTest" time="0.01"/>
  <system-out><![CDATA[]]></system-out>
  <system-err><![CDATA[]]></system-err>
</testsuite>
